***Starting server on port 62709 ***
Loading net-file from 'data/scenario/ingolstadt.net.xml' ... done (2414ms).
Loading additional-files from 'data/scenario/BusStations.add.xml' ... done (14ms).
Loading additional-files from 'data/scenario/InTAS_E1.add.xml' ... done (7ms).
Loading additional-files from 'data/scenario/InTAS.poly.xml' ... done (217ms).
Loading done.
Simulation started with time: 0.00
Simulation ended at time: 23.60
Performance: 
 Duration: 65.26s
 TraCI-Duration: 60.75s
 Real time factor: 0.36163
 UPS: 425.390745
 UPS-Persons: 3.616304
Vehicles: 
 Inserted: 167 (Loaded: 329)
 Running: 166
 Waiting: 80
Persons: 
 Inserted: 2
 Running: 1

DijkstraRouter answered 24 queries and explored 4537.38 edges on average.
DijkstraRouter spent 0.52s answering queries (21.75ms on average).
DijkstraRouter answered 20 queries and explored 4601.00 edges on average.
DijkstraRouter spent 0.49s answering queries (24.35ms on average).
DijkstraRouter answered 20 queries and explored 5660.20 edges on average.
DijkstraRouter spent 0.54s answering queries (27.05ms on average).
DijkstraRouter answered 20 queries and explored 5516.50 edges on average.
DijkstraRouter spent 0.53s answering queries (26.25ms on average).
DijkstraRouter answered 20 queries and explored 4943.35 edges on average.
DijkstraRouter spent 0.51s answering queries (25.30ms on average).
DijkstraRouter answered 20 queries and explored 5323.65 edges on average.
DijkstraRouter spent 0.54s answering queries (26.85ms on average).
DijkstraRouter answered 20 queries and explored 4815.20 edges on average.
DijkstraRouter spent 0.50s answering queries (24.90ms on average).
DijkstraRouter answered 20 queries and explored 5327.70 edges on average.
DijkstraRouter spent 0.53s answering queries (26.40ms on average).
DijkstraRouter answered 20 queries and explored 4798.10 edges on average.
DijkstraRouter spent 0.49s answering queries (24.55ms on average).
DijkstraRouter answered 19 queries and explored 4102.11 edges on average.
DijkstraRouter spent 0.40s answering queries (21.05ms on average).
